<?xml version="1.0" encoding="UTF-8"?>
<testng-results skipped="0" failed="0" ignored="0" total="1" passed="1">
  <reporter-output>
  </reporter-output>
  <suite name="Suite" duration-ms="5273" started-at="2020-06-26T00:30:00 EEST" finished-at="2020-06-26T00:30:05 EEST">
    <groups>
    </groups>
    <test name="Test" duration-ms="5273" started-at="2020-06-26T00:30:00 EEST" finished-at="2020-06-26T00:30:05 EEST">
      <class name="Test1">
        <test-method status="PASS" signature="doLogin()[pri:0, instance:Test1@76707e36]" name="doLogin" duration-ms="5238" started-at="2020-06-26T00:30:00 EEST" finished-at="2020-06-26T00:30:05 EEST">
          <reporter-output>
          </reporter-output>
        </test-method> <!-- doLogin -->
        <test-method status="PASS" signature="closeBrowser()[pri:0, instance:Test1@76707e36]" name="closeBrowser" is-config="true" duration-ms="1110" started-at="2020-06-26T00:30:05 EEST" finished-at="2020-06-26T00:30:06 EEST">
          <reporter-output>
          </reporter-output>
        </test-method> <!-- closeBrowser -->
      </class> <!-- Test1 -->
    </test> <!-- Test -->
  </suite> <!-- Suite -->
</testng-results>
